<?xml version="1.0" encoding="UTF-8"?>
<!-- Generated by org.testng.reporters.JUnitReportReporter -->
<testsuite hostname="DESKTOP-Q8PN5JB" failures="0" tests="3" name="runners.CampaignRunner" time="0.990" errors="0" timestamp="2023-09-07T20:09:35 IST" skipped="0">
  <testcase classname="runners.CampaignRunner" name="runScenario" time="0.149"/>
  <system-out/>
  <testcase classname="runners.CampaignRunner" name="runScenario" time="0.168"/>
  <system-out/>
  <testcase classname="runners.CampaignRunner" name="runScenario" time="0.673"/>
  <system-out/>
</testsuite> <!-- runners.CampaignRunner -->
