<?xml version="1.0" encoding="UTF-8"?>
<!-- Generated by org.testng.reporters.JUnitReportReporter -->
<testsuite hostname="DESKTOP-Q8PN5JB" failures="0" tests="3" name="runners.ProfileRunner" time="0.387" errors="0" timestamp="2023-08-31T22:01:56 IST" skipped="0">
  <testcase classname="runners.ProfileRunner" name="runScenario" time="0.074"/>
  <system-out/>
  <testcase classname="runners.ProfileRunner" name="runScenario" time="0.264"/>
  <system-out/>
  <testcase classname="runners.ProfileRunner" name="runScenario" time="0.049"/>
  <system-out/>
</testsuite> <!-- runners.ProfileRunner -->
