<?xml version="1.0" encoding="UTF-8"?>
<!-- Generated by org.testng.reporters.JUnitReportReporter -->
<testsuite hostname="DESKTOP-Q8PN5JB" failures="0" tests="3" name="runners.ScenarioOutlineWithBackgroundRunner" time="0.503" errors="0" timestamp="2023-09-06T20:42:09 IST" skipped="0">
  <testcase classname="runners.ScenarioOutlineWithBackgroundRunner" name="runScenario" time="0.336"/>
  <system-out/>
  <testcase classname="runners.ScenarioOutlineWithBackgroundRunner" name="runScenario" time="0.082"/>
  <system-out/>
  <testcase classname="runners.ScenarioOutlineWithBackgroundRunner" name="runScenario" time="0.085"/>
  <system-out/>
</testsuite> <!-- runners.ScenarioOutlineWithBackgroundRunner -->
