<?xml version="1.0" encoding="UTF-8"?>
<!-- Generated by org.testng.reporters.JUnitReportReporter -->
<testsuite hostname="DESKTOP-Q8PN5JB" failures="0" tests="1" name="runners.RegistationRunner" time="4.298" errors="0" timestamp="2023-09-06T20:33:10 IST" skipped="0">
  <testcase classname="runners.RegistationRunner" name="runScenario" time="4.298"/>
  <system-out/>
</testsuite> <!-- runners.RegistationRunner -->
