<?xml version="1.0" encoding="UTF-8"?>
<!-- Generated by org.testng.reporters.JUnitReportReporter -->
<testsuite hostname="DESKTOP-Q8PN5JB" failures="0" tests="3" name="runners.ScenarioOutlineRunner" time="0.309" errors="0" timestamp="2023-08-26T16:30:23 IST" skipped="0">
  <testcase classname="runners.ScenarioOutlineRunner" name="runScenario" time="0.037"/>
  <system-out/>
  <testcase classname="runners.ScenarioOutlineRunner" name="runScenario" time="0.218"/>
  <system-out/>
  <testcase classname="runners.ScenarioOutlineRunner" name="runScenario" time="0.054"/>
  <system-out/>
</testsuite> <!-- runners.ScenarioOutlineRunner -->
