<?xml version="1.0" encoding="UTF-8"?>
<!-- Generated by org.testng.reporters.JUnitReportReporter -->
<testsuite hostname="DESKTOP-Q8PN5JB" failures="0" tests="3" name="runners.OrderRunner" time="0.351" errors="0" timestamp="2023-08-24T20:00:05 IST" skipped="0">
  <testcase classname="runners.OrderRunner" name="runScenario" time="0.208"/>
  <system-out/>
  <testcase classname="runners.OrderRunner" name="runScenario" time="0.044"/>
  <system-out/>
  <testcase classname="runners.OrderRunner" name="runScenario" time="0.099"/>
  <system-out/>
</testsuite> <!-- runners.OrderRunner -->
