<?xml version="1.0" encoding="UTF-8"?>
<!-- Generated by org.testng.reporters.JUnitReportReporter -->
<testsuite hostname="DESKTOP-Q8PN5JB" failures="0" tests="3" name="runners.CampaignRunner" time="0.414" errors="0" timestamp="2023-08-31T21:39:20 IST" skipped="0">
  <testcase classname="runners.CampaignRunner" name="runScenario" time="0.057"/>
  <system-out/>
  <testcase classname="runners.CampaignRunner" name="runScenario" time="0.284"/>
  <system-out/>
  <testcase classname="runners.CampaignRunner" name="runScenario" time="0.073"/>
  <system-out/>
</testsuite> <!-- runners.CampaignRunner -->
