<?xml version="1.0" encoding="UTF-8"?>
<!-- Generated by org.testng.reporters.JUnitReportReporter -->
<testsuite hostname="DESKTOP-Q8PN5JB" failures="0" tests="1" name="runners.LoginWithDataRunner" time="0.253" errors="0" timestamp="2023-08-24T21:42:14 IST" skipped="0">
  <testcase classname="runners.LoginWithDataRunner" name="runScenario" time="0.253"/>
  <system-out/>
</testsuite> <!-- runners.LoginWithDataRunner -->
