<?xml version="1.0" encoding="UTF-8"?>
<!-- Generated by org.testng.reporters.JUnitReportReporter -->
<testsuite hostname="DESKTOP-Q8PN5JB" failures="0" tests="2" name="runners.LoginRunner" time="0.314" errors="0" timestamp="2023-08-31T21:51:56 IST" skipped="0">
  <testcase classname="runners.LoginRunner" name="runScenario" time="0.045"/>
  <system-out/>
  <testcase classname="runners.LoginRunner" name="runScenario" time="0.269"/>
  <system-out/>
</testsuite> <!-- runners.LoginRunner -->
