<?xml version="1.0" encoding="UTF-8"?>
<!-- Generated by org.testng.reporters.JUnitReportReporter -->
<testsuite hostname="DESKTOP-Q8PN5JB" failures="0" tests="3" name="runners.ScenarioOutlineWithBackgroundRunner" time="0.325" errors="0" timestamp="2023-08-26T18:48:12 IST" skipped="0">
  <testcase classname="runners.ScenarioOutlineWithBackgroundRunner" name="runScenario" time="0.031"/>
  <system-out/>
  <testcase classname="runners.ScenarioOutlineWithBackgroundRunner" name="runScenario" time="0.050"/>
  <system-out/>
  <testcase classname="runners.ScenarioOutlineWithBackgroundRunner" name="runScenario" time="0.244"/>
  <system-out/>
</testsuite> <!-- runners.ScenarioOutlineWithBackgroundRunner -->
